<?xml version="1.0" encoding="UTF-8"?>
<coverage generated="1643306275940" clover="3.2.0">
  <project timestamp="1643306275940" name="All files">
    <metrics statements="30" coveredstatements="30" conditionals="0" coveredconditionals="0" methods="14" coveredmethods="14" elements="44" coveredelements="44" complexity="0" loc="30" ncloc="30" packages="1" files="4" classes="4"/>
    <file name="Employee.js" path="C:\Users\mattj\coding_bootcamp\homeworks\team-profiles-generator\src\lib\Employee.js">
      <metrics statements="9" coveredstatements="9" conditionals="0" coveredconditionals="0" methods="5" coveredmethods="5"/>
      <line num="3" count="15" type="stmt"/>
      <line num="4" count="15" type="stmt"/>
      <line num="5" count="15" type="stmt"/>
      <line num="6" count="15" type="stmt"/>
      <line num="10" count="1" type="stmt"/>
      <line num="14" count="1" type="stmt"/>
      <line num="18" count="1" type="stmt"/>
      <line num="22" count="1" type="stmt"/>
      <line num="26" count="4" type="stmt"/>
    </file>
    <file name="Engineer.js" path="C:\Users\mattj\coding_bootcamp\homeworks\team-profiles-generator\src\lib\Engineer.js">
      <metrics statements="7" coveredstatements="7" conditionals="0" coveredconditionals="0" methods="3" coveredmethods="3"/>
      <line num="1" count="1" type="stmt"/>
      <line num="5" count="3" type="stmt"/>
      <line num="7" count="3" type="stmt"/>
      <line num="8" count="3" type="stmt"/>
      <line num="12" count="1" type="stmt"/>
      <line num="16" count="1" type="stmt"/>
      <line num="20" count="1" type="stmt"/>
    </file>
    <file name="Intern.js" path="C:\Users\mattj\coding_bootcamp\homeworks\team-profiles-generator\src\lib\Intern.js">
      <metrics statements="7" coveredstatements="7" conditionals="0" coveredconditionals="0" methods="3" coveredmethods="3"/>
      <line num="1" count="1" type="stmt"/>
      <line num="5" count="3" type="stmt"/>
      <line num="7" count="3" type="stmt"/>
      <line num="8" count="3" type="stmt"/>
      <line num="12" count="1" type="stmt"/>
      <line num="16" count="1" type="stmt"/>
      <line num="20" count="1" type="stmt"/>
    </file>
    <file name="Manager.js" path="C:\Users\mattj\coding_bootcamp\homeworks\team-profiles-generator\src\lib\Manager.js">
      <metrics statements="7" coveredstatements="7" conditionals="0" coveredconditionals="0" methods="3" coveredmethods="3"/>
      <line num="1" count="1" type="stmt"/>
      <line num="5" count="3" type="stmt"/>
      <line num="7" count="3" type="stmt"/>
      <line num="8" count="3" type="stmt"/>
      <line num="12" count="1" type="stmt"/>
      <line num="16" count="1" type="stmt"/>
      <line num="20" count="1" type="stmt"/>
    </file>
  </project>
</coverage>
